Arguments: 
  /usr/local/bin/node /usr/local/bin/yarn add next react react-dom

PATH: 
  /opt/homebrew/bin:/opt/homebrew/sbin:/usr/local/bin:/usr/bin:/bin:/usr/sbin:/sbin:/usr/local/MacGPG2/bin:/usr/local/share/dotnet:~/.dotnet/tools:/Library/Frameworks/Mono.framework/Versions/Current/Commands:/Applications/Visual Studio Code.app/Contents/Resources/app/bin

Yarn version: 
  1.22.19

Node version: 
  16.7.0

Platform: 
  darwin x64

Trace: 
  Error: https://registry.yarnpkg.com/turbo-types: Not found
      at Request.params.callback [as _callback] (/usr/local/lib/node_modules/yarn/lib/cli.js:66145:18)
      at Request.self.callback (/usr/local/lib/node_modules/yarn/lib/cli.js:140890:22)
      at Request.emit (node:events:394:28)
      at Request.<anonymous> (/usr/local/lib/node_modules/yarn/lib/cli.js:141862:10)
      at Request.emit (node:events:394:28)
      at IncomingMessage.<anonymous> (/usr/local/lib/node_modules/yarn/lib/cli.js:141784:12)
      at Object.onceWrapper (node:events:513:28)
      at IncomingMessage.emit (node:events:406:35)
      at endReadableNT (node:internal/streams/readable:1348:12)
      at processTicksAndRejections (node:internal/process/task_queues:83:21)

npm manifest: 
  {
    "name": "docs",
    "version": "1.0.0",
    "private": true,
    "description": "turbo.build",
    "scripts": {
      "dev": "next",
      "start": "next start",
      "build": "next build ",
      "lint": "next lint",
      "rss": "node scripts/generate-rss.js",
      "schema": "turbo-gen ./public/schema.json"
    },
    "author": "Jared Palmer",
    "license": "MPL-2.0",
    "dependencies": {
      "@headlessui/react": "^1.7.3",
      "@heroicons/react": "1.0.6",
      "@mdx-js/react": "^2.1.4",
      "@react-aria/ssr": "3.3.0",
      "@react-spring/web": "^9.6.1",
      "@sentry/nextjs": "^7.17.3",
      "@vercel/analytics": "^0.1.1",
      "@vercel/og": "^0.0.20",
      "axios": "0.27.2",
      "classnames": "2.3.2",
      "framer-motion": "^7.3.6",
      "next": "^13.0.0",
      "next-themes": "^0.2.0",
      "nextra": "^2.0.1",
      "nextra-theme-docs": "^2.0.1",
      "react": "^18.2.0",
      "react-dom": "^18.2.0",
      "swr": "1.3.0"
    },
    "devDependencies": {
      "@babel/core": "7.20.12",
      "@types/node": "^16.11.12",
      "@types/react": "18.0.21",
      "autoprefixer": "10.4.13",
      "csstype": "3.1.1",
      "eslint": "8.10.0",
      "eslint-config-next": "12.3.1",
      "eslint-config-prettier": "8.5.0",
      "gray-matter": "^4.0.3",
      "postcss": "8.4.20",
      "rss": "^1.2.2",
      "tailwindcss": "3.1.8",
      "turbo-types": "workspace:*",
      "typescript": "4.8.4"
    },
    "prettier": {
      "embeddedLanguageFormatting": "off",
      "htmlWhitespaceSensitivity": "strict"
    },
    "engines": {
      "node": "16.x"
    }
  }

yarn manifest: 
  No manifest

Lockfile: 
  No lockfile
